This is pdfTeX, Version 3.14159265-2.6-1.40.21 (TeX Live 2020/W32TeX) (preloaded format=pdflatex 2020.9.3)  1 FEB 2024 20:32
entering extended mode
 restricted \write18 enabled.
 %&-line parsing enabled.
**module1_3.tex
(./module1_3.tex
LaTeX2e <2020-02-02> patch level 5
L3 programming layer <2020-08-07> (c:/Users/Kevin/AppData/Roaming/TinyTeX/texmf
-dist/tex/latex/base/article.cls
Document Class: article 2019/12/20 v1.4l Standard LaTeX document class
(c:/Users/Kevin/AppData/Roaming/TinyTeX/texmf-dist/tex/latex/base/size10.clo
File: size10.clo 2019/12/20 v1.4l Standard LaTeX file (size option)
)
\c@part=\count168
\c@section=\count169
\c@subsection=\count170
\c@subsubsection=\count171
\c@paragraph=\count172
\c@subparagraph=\count173
\c@figure=\count174
\c@table=\count175
\abovecaptionskip=\skip47
\belowcaptionskip=\skip48
\bibindent=\dimen134
)
(c:/Users/Kevin/AppData/Roaming/TinyTeX/texmf-dist/tex/latex/amsmath/amsmath.st
y
Package: amsmath 2020/01/20 v2.17e AMS math features
\@mathmargin=\skip49
For additional information on amsmath, use the `?' option.

(c:/Users/Kevin/AppData/Roaming/TinyTeX/texmf-dist/tex/latex/amsmath/amstext.st
y
Package: amstext 2000/06/29 v2.01 AMS text

(c:/Users/Kevin/AppData/Roaming/TinyTeX/texmf-dist/tex/latex/amsmath/amsgen.sty
File: amsgen.sty 1999/11/30 v2.0 generic functions
\@emptytoks=\toks15
\ex@=\dimen135
))
(c:/Users/Kevin/AppData/Roaming/TinyTeX/texmf-dist/tex/latex/amsmath/amsbsy.sty
Package: amsbsy 1999/11/29 v1.2d Bold Symbols
\pmbraise@=\dimen136
)
(c:/Users/Kevin/AppData/Roaming/TinyTeX/texmf-dist/tex/latex/amsmath/amsopn.sty
Package: amsopn 2016/03/08 v2.02 operator names
)
\inf@bad=\count176
LaTeX Info: Redefining \frac on input line 227.
\uproot@=\count177
\leftroot@=\count178
LaTeX Info: Redefining \overline on input line 389.
\classnum@=\count179
\DOTSCASE@=\count180
LaTeX Info: Redefining \ldots on input line 486.
LaTeX Info: Redefining \dots on input line 489.
LaTeX Info: Redefining \cdots on input line 610.
\Mathstrutbox@=\box45
\strutbox@=\box46
\big@size=\dimen137
LaTeX Font Info:    Redeclaring font encoding OML on input line 733.
LaTeX Font Info:    Redeclaring font encoding OMS on input line 734.
\macc@depth=\count181
\c@MaxMatrixCols=\count182
\dotsspace@=\muskip16
\c@parentequation=\count183
\dspbrk@lvl=\count184
\tag@help=\toks16
\row@=\count185
\column@=\count186
\maxfields@=\count187
\andhelp@=\toks17
\eqnshift@=\dimen138
\alignsep@=\dimen139
\tagshift@=\dimen140
\tagwidth@=\dimen141
\totwidth@=\dimen142
\lineht@=\dimen143
\@envbody=\toks18
\multlinegap=\skip50
\multlinetaggap=\skip51
\mathdisplay@stack=\toks19
LaTeX Info: Redefining \[ on input line 2859.
LaTeX Info: Redefining \] on input line 2860.
)
(c:/Users/Kevin/AppData/Roaming/TinyTeX/texmf-dist/tex/latex/amsfonts/amssymb.s
ty
Package: amssymb 2013/01/14 v3.01 AMS font symbols

(c:/Users/Kevin/AppData/Roaming/TinyTeX/texmf-dist/tex/latex/amsfonts/amsfonts.
sty
Package: amsfonts 2013/01/14 v3.01 Basic AMSFonts support
\symAMSa=\mathgroup4
\symAMSb=\mathgroup5
LaTeX Font Info:    Redeclaring math symbol \hbar on input line 98.
LaTeX Font Info:    Overwriting math alphabet `\mathfrak' in version `bold'
(Font)                  U/euf/m/n --> U/euf/b/n on input line 106.
)) (c:/Users/Kevin/AppData/Roaming/TinyTeX/texmf-dist/tex/generic/iftex/iftex.s
ty
Package: iftex 2020/03/06 v1.0d TeX engine tests
) (c:/Users/Kevin/AppData/Roaming/TinyTeX/texmf-dist/tex/latex/base/fontenc.sty
Package: fontenc 2020/02/11 v2.0o Standard LaTeX package
) (c:/Users/Kevin/AppData/Roaming/TinyTeX/texmf-dist/tex/latex/base/inputenc.st
y
Package: inputenc 2018/08/11 v1.3c Input encoding file
\inpenc@prehook=\toks20
\inpenc@posthook=\toks21
) (c:/Users/Kevin/AppData/Roaming/TinyTeX/texmf-dist/tex/latex/base/textcomp.st
y
Package: textcomp 2020/02/02 v2.0n Standard LaTeX package
) (c:/Users/Kevin/AppData/Roaming/TinyTeX/texmf-dist/tex/latex/lm/lmodern.sty
Package: lmodern 2009/10/30 v1.6 Latin Modern Fonts
LaTeX Font Info:    Overwriting symbol font `operators' in version `normal'
(Font)                  OT1/cmr/m/n --> OT1/lmr/m/n on input line 22.
LaTeX Font Info:    Overwriting symbol font `letters' in version `normal'
(Font)                  OML/cmm/m/it --> OML/lmm/m/it on input line 23.
LaTeX Font Info:    Overwriting symbol font `symbols' in version `normal'
(Font)                  OMS/cmsy/m/n --> OMS/lmsy/m/n on input line 24.
LaTeX Font Info:    Overwriting symbol font `largesymbols' in version `normal'
(Font)                  OMX/cmex/m/n --> OMX/lmex/m/n on input line 25.
LaTeX Font Info:    Overwriting symbol font `operators' in version `bold'
(Font)                  OT1/cmr/bx/n --> OT1/lmr/bx/n on input line 26.
LaTeX Font Info:    Overwriting symbol font `letters' in version `bold'
(Font)                  OML/cmm/b/it --> OML/lmm/b/it on input line 27.
LaTeX Font Info:    Overwriting symbol font `symbols' in version `bold'
(Font)                  OMS/cmsy/b/n --> OMS/lmsy/b/n on input line 28.
LaTeX Font Info:    Overwriting symbol font `largesymbols' in version `bold'
(Font)                  OMX/cmex/m/n --> OMX/lmex/m/n on input line 29.
LaTeX Font Info:    Overwriting math alphabet `\mathbf' in version `normal'
(Font)                  OT1/cmr/bx/n --> OT1/lmr/bx/n on input line 31.
LaTeX Font Info:    Overwriting math alphabet `\mathsf' in version `normal'
(Font)                  OT1/cmss/m/n --> OT1/lmss/m/n on input line 32.
LaTeX Font Info:    Overwriting math alphabet `\mathit' in version `normal'
(Font)                  OT1/cmr/m/it --> OT1/lmr/m/it on input line 33.
LaTeX Font Info:    Overwriting math alphabet `\mathtt' in version `normal'
(Font)                  OT1/cmtt/m/n --> OT1/lmtt/m/n on input line 34.
LaTeX Font Info:    Overwriting math alphabet `\mathbf' in version `bold'
(Font)                  OT1/cmr/bx/n --> OT1/lmr/bx/n on input line 35.
LaTeX Font Info:    Overwriting math alphabet `\mathsf' in version `bold'
(Font)                  OT1/cmss/bx/n --> OT1/lmss/bx/n on input line 36.
LaTeX Font Info:    Overwriting math alphabet `\mathit' in version `bold'
(Font)                  OT1/cmr/bx/it --> OT1/lmr/bx/it on input line 37.
LaTeX Font Info:    Overwriting math alphabet `\mathtt' in version `bold'
(Font)                  OT1/cmtt/m/n --> OT1/lmtt/m/n on input line 38.
)
(c:/Users/Kevin/AppData/Roaming/TinyTeX/texmf-dist/tex/latex/upquote/upquote.st
y
Package: upquote 2012/04/19 v1.3 upright-quote and grave-accent glyphs in verba
tim
) (c:/Users/Kevin/AppData/Roaming/TinyTeX/texmf-dist/tex/latex/xcolor/xcolor.st
y
Package: xcolor 2016/05/11 v2.12 LaTeX color extensions (UK)

(c:/Users/Kevin/AppData/Roaming/TinyTeX/texmf-dist/tex/latex/graphics-cfg/color
.cfg
File: color.cfg 2016/01/02 v1.6 sample color configuration
)
Package xcolor Info: Driver file: pdftex.def on input line 225.

(c:/Users/Kevin/AppData/Roaming/TinyTeX/texmf-dist/tex/latex/graphics-def/pdfte
x.def
File: pdftex.def 2020/08/26 v1.2 Graphics/color driver for pdftex
)
Package xcolor Info: Model `cmy' substituted by `cmy0' on input line 1348.
Package xcolor Info: Model `hsb' substituted by `rgb' on input line 1352.
Package xcolor Info: Model `RGB' extended on input line 1364.
Package xcolor Info: Model `HTML' substituted by `rgb' on input line 1366.
Package xcolor Info: Model `Hsb' substituted by `hsb' on input line 1367.
Package xcolor Info: Model `tHsb' substituted by `hsb' on input line 1368.
Package xcolor Info: Model `HSB' substituted by `hsb' on input line 1369.
Package xcolor Info: Model `Gray' substituted by `gray' on input line 1370.
Package xcolor Info: Model `wave' substituted by `hsb' on input line 1371.
)
(c:/Users/Kevin/AppData/Roaming/TinyTeX/texmf-dist/tex/latex/geometry/geometry.
sty
Package: geometry 2020/01/02 v5.9 Page Geometry

(c:/Users/Kevin/AppData/Roaming/TinyTeX/texmf-dist/tex/latex/graphics/keyval.st
y
Package: keyval 2014/10/28 v1.15 key=value parser (DPC)
\KV@toks@=\toks22
)
(c:/Users/Kevin/AppData/Roaming/TinyTeX/texmf-dist/tex/generic/iftex/ifvtex.sty
Package: ifvtex 2019/10/25 v1.7 ifvtex legacy package. Use iftex instead.
)
\Gm@cnth=\count188
\Gm@cntv=\count189
\c@Gm@tempcnt=\count190
\Gm@bindingoffset=\dimen144
\Gm@wd@mp=\dimen145
\Gm@odd@mp=\dimen146
\Gm@even@mp=\dimen147
\Gm@layoutwidth=\dimen148
\Gm@layoutheight=\dimen149
\Gm@layouthoffset=\dimen150
\Gm@layoutvoffset=\dimen151
\Gm@dimlist=\toks23
)
(c:/Users/Kevin/AppData/Roaming/TinyTeX/texmf-dist/tex/latex/fancyvrb/fancyvrb.
sty
Package: fancyvrb 2020/05/03 v3.6 verbatim text (tvz,hv)
\FV@CodeLineNo=\count191
\FV@InFile=\read2
\FV@TabBox=\box47
\c@FancyVerbLine=\count192
\FV@StepNumber=\count193
\FV@OutFile=\write3
) (c:/Users/Kevin/AppData/Roaming/TinyTeX/texmf-dist/tex/latex/framed/framed.st
y
Package: framed 2011/10/22 v 0.96: framed or shaded text with page breaks
\OuterFrameSep=\skip52
\fb@frw=\dimen152
\fb@frh=\dimen153
\FrameRule=\dimen154
\FrameSep=\dimen155
)
(c:/Users/Kevin/AppData/Roaming/TinyTeX/texmf-dist/tex/latex/graphics/graphicx.
sty
Package: graphicx 2019/11/30 v1.2a Enhanced LaTeX Graphics (DPC,SPQR)

(c:/Users/Kevin/AppData/Roaming/TinyTeX/texmf-dist/tex/latex/graphics/graphics.
sty
Package: graphics 2019/11/30 v1.4a Standard LaTeX Graphics (DPC,SPQR)
(c:/Users/Kevin/AppData/Roaming/TinyTeX/texmf-dist/tex/latex/graphics/trig.sty
Package: trig 2016/01/03 v1.10 sin cos tan (DPC)
)
(c:/Users/Kevin/AppData/Roaming/TinyTeX/texmf-dist/tex/latex/graphics-cfg/graph
ics.cfg
File: graphics.cfg 2016/06/04 v1.11 sample graphics configuration
)
Package graphics Info: Driver file: pdftex.def on input line 105.
)
\Gin@req@height=\dimen156
\Gin@req@width=\dimen157
)
(c:/Users/Kevin/AppData/Roaming/TinyTeX/texmf-dist/tex/latex/hyperref/hyperref.
sty
Package: hyperref 2020-05-15 v7.00e Hypertext links for LaTeX

(c:/Users/Kevin/AppData/Roaming/TinyTeX/texmf-dist/tex/generic/ltxcmds/ltxcmds.
sty
Package: ltxcmds 2019/12/15 v1.24 LaTeX kernel commands for general use (HO)
)
(c:/Users/Kevin/AppData/Roaming/TinyTeX/texmf-dist/tex/generic/pdftexcmds/pdfte
xcmds.sty
Package: pdftexcmds 2020-06-27 v0.33 Utility functions of pdfTeX for LuaTeX (HO
)

(c:/Users/Kevin/AppData/Roaming/TinyTeX/texmf-dist/tex/generic/infwarerr/infwar
err.sty
Package: infwarerr 2019/12/03 v1.5 Providing info/warning/error messages (HO)
)
Package pdftexcmds Info: \pdf@primitive is available.
Package pdftexcmds Info: \pdf@ifprimitive is available.
Package pdftexcmds Info: \pdfdraftmode found.
)
(c:/Users/Kevin/AppData/Roaming/TinyTeX/texmf-dist/tex/generic/kvsetkeys/kvsetk
eys.sty
Package: kvsetkeys 2019/12/15 v1.18 Key value parser (HO)
)
(c:/Users/Kevin/AppData/Roaming/TinyTeX/texmf-dist/tex/generic/kvdefinekeys/kvd
efinekeys.sty
Package: kvdefinekeys 2019-12-19 v1.6 Define keys (HO)
)
(c:/Users/Kevin/AppData/Roaming/TinyTeX/texmf-dist/tex/generic/pdfescape/pdfesc
ape.sty
Package: pdfescape 2019/12/09 v1.15 Implements pdfTeX's escape features (HO)
)
(c:/Users/Kevin/AppData/Roaming/TinyTeX/texmf-dist/tex/latex/hycolor/hycolor.st
y
Package: hycolor 2020-01-27 v1.10 Color options for hyperref/bookmark (HO)
)
(c:/Users/Kevin/AppData/Roaming/TinyTeX/texmf-dist/tex/latex/letltxmacro/letltx
macro.sty
Package: letltxmacro 2019/12/03 v1.6 Let assignment for LaTeX macros (HO)
)
(c:/Users/Kevin/AppData/Roaming/TinyTeX/texmf-dist/tex/latex/auxhook/auxhook.st
y
Package: auxhook 2019-12-17 v1.6 Hooks for auxiliary files (HO)
)
(c:/Users/Kevin/AppData/Roaming/TinyTeX/texmf-dist/tex/latex/kvoptions/kvoption
s.sty
Package: kvoptions 2019/11/29 v3.13 Key value format for package options (HO)
)
\@linkdim=\dimen158
\Hy@linkcounter=\count194
\Hy@pagecounter=\count195

(c:/Users/Kevin/AppData/Roaming/TinyTeX/texmf-dist/tex/latex/hyperref/pd1enc.de
f
File: pd1enc.def 2020-05-15 v7.00e Hyperref: PDFDocEncoding definition (HO)
Now handling font encoding PD1 ...
... no UTF-8 mapping file for font encoding PD1
)
(c:/Users/Kevin/AppData/Roaming/TinyTeX/texmf-dist/tex/generic/intcalc/intcalc.
sty
Package: intcalc 2019/12/15 v1.3 Expandable calculations with integers (HO)
)
(c:/Users/Kevin/AppData/Roaming/TinyTeX/texmf-dist/tex/generic/etexcmds/etexcmd
s.sty
Package: etexcmds 2019/12/15 v1.7 Avoid name clashes with e-TeX commands (HO)
)
\Hy@SavedSpaceFactor=\count196
Package hyperref Info: Option `unicode' set `true' on input line 4338.

(c:/Users/Kevin/AppData/Roaming/TinyTeX/texmf-dist/tex/latex/hyperref/puenc.def
File: puenc.def 2020-05-15 v7.00e Hyperref: PDF Unicode definition (HO)
Now handling font encoding PU ...
... no UTF-8 mapping file for font encoding PU
)
Package hyperref Info: Hyper figures OFF on input line 4464.
Package hyperref Info: Link nesting OFF on input line 4469.
Package hyperref Info: Hyper index ON on input line 4472.
Package hyperref Info: Plain pages OFF on input line 4479.
Package hyperref Info: Backreferencing OFF on input line 4484.
Package hyperref Info: Implicit mode ON; LaTeX internals redefined.
Package hyperref Info: Bookmarks ON on input line 4717.
\c@Hy@tempcnt=\count197
(c:/Users/Kevin/AppData/Roaming/TinyTeX/texmf-dist/tex/latex/url/url.sty
\Urlmuskip=\muskip17
Package: url 2013/09/16  ver 3.4  Verb mode for urls, etc.
)
LaTeX Info: Redefining \url on input line 5076.
\XeTeXLinkMargin=\dimen159

(c:/Users/Kevin/AppData/Roaming/TinyTeX/texmf-dist/tex/generic/bitset/bitset.st
y
Package: bitset 2019/12/09 v1.3 Handle bit-vector datatype (HO)

(c:/Users/Kevin/AppData/Roaming/TinyTeX/texmf-dist/tex/generic/bigintcalc/bigin
tcalc.sty
Package: bigintcalc 2019/12/15 v1.5 Expandable calculations on big integers (HO
)
))
\Fld@menulength=\count198
\Field@Width=\dimen160
\Fld@charsize=\dimen161
Package hyperref Info: Hyper figures OFF on input line 6347.
Package hyperref Info: Link nesting OFF on input line 6352.
Package hyperref Info: Hyper index ON on input line 6355.
Package hyperref Info: backreferencing OFF on input line 6362.
Package hyperref Info: Link coloring OFF on input line 6367.
Package hyperref Info: Link coloring with OCG OFF on input line 6372.
Package hyperref Info: PDF/A mode OFF on input line 6377.
LaTeX Info: Redefining \ref on input line 6417.
LaTeX Info: Redefining \pageref on input line 6421.

(c:/Users/Kevin/AppData/Roaming/TinyTeX/texmf-dist/tex/generic/atbegshi/atbegsh
i.sty
Package: atbegshi 2019/12/05 v1.19 At begin shipout hook (HO)
)
\Hy@abspage=\count199
\c@Item=\count266
\c@Hfootnote=\count267
)
Package hyperref Info: Driver (autodetected): hpdftex.

(c:/Users/Kevin/AppData/Roaming/TinyTeX/texmf-dist/tex/latex/hyperref/hpdftex.d
ef
File: hpdftex.def 2020-05-15 v7.00e Hyperref driver for pdfTeX

(c:/Users/Kevin/AppData/Roaming/TinyTeX/texmf-dist/tex/latex/atveryend/atveryen
d.sty
Package: atveryend 2019-12-11 v1.11 Hooks at the very end of document (HO)
Package atveryend Info: \enddocument detected (standard20110627).
)
\Fld@listcount=\count268
\c@bookmark@seq@number=\count269

(c:/Users/Kevin/AppData/Roaming/TinyTeX/texmf-dist/tex/latex/rerunfilecheck/rer
unfilecheck.sty
Package: rerunfilecheck 2019/12/05 v1.9 Rerun checks for auxiliary files (HO)

(c:/Users/Kevin/AppData/Roaming/TinyTeX/texmf-dist/tex/generic/uniquecounter/un
iquecounter.sty
Package: uniquecounter 2019/12/15 v1.4 Provide unlimited unique counter (HO)
)
Package uniquecounter Info: New unique counter `rerunfilecheck' on input line 2
86.
)
\Hy@SectionHShift=\skip53
)
(c:/Users/Kevin/AppData/Roaming/TinyTeX/texmf-dist/tex/latex/l3backend/l3backen
d-pdfmode.def
File: l3backend-pdfmode.def 2020-08-07 L3 backend support: PDF mode
\l__kernel_color_stack_int=\count270
\l__pdf_internal_box=\box48
)
No file module1_3.aux.
\openout1 = `module1_3.aux'.

LaTeX Font Info:    Checking defaults for OML/cmm/m/it on input line 113.
LaTeX Font Info:    ... okay on input line 113.
LaTeX Font Info:    Checking defaults for OMS/cmsy/m/n on input line 113.
LaTeX Font Info:    ... okay on input line 113.
LaTeX Font Info:    Checking defaults for OT1/cmr/m/n on input line 113.
LaTeX Font Info:    ... okay on input line 113.
LaTeX Font Info:    Checking defaults for T1/cmr/m/n on input line 113.
LaTeX Font Info:    ... okay on input line 113.
LaTeX Font Info:    Checking defaults for TS1/cmr/m/n on input line 113.
LaTeX Font Info:    ... okay on input line 113.
LaTeX Font Info:    Checking defaults for OMX/cmex/m/n on input line 113.
LaTeX Font Info:    ... okay on input line 113.
LaTeX Font Info:    Checking defaults for U/cmr/m/n on input line 113.
LaTeX Font Info:    ... okay on input line 113.
LaTeX Font Info:    Checking defaults for PD1/pdf/m/n on input line 113.
LaTeX Font Info:    ... okay on input line 113.
LaTeX Font Info:    Checking defaults for PU/pdf/m/n on input line 113.
LaTeX Font Info:    ... okay on input line 113.
LaTeX Font Info:    Trying to load font information for T1+lmr on input line 11
3.
(c:/Users/Kevin/AppData/Roaming/TinyTeX/texmf-dist/tex/latex/lm/t1lmr.fd
File: t1lmr.fd 2009/10/30 v1.6 Font defs for Latin Modern
)
(c:/Users/Kevin/AppData/Roaming/TinyTeX/texmf-dist/tex/latex/epstopdf-pkg/epsto
pdf-base.sty
Package: epstopdf-base 2020-01-24 v2.11 Base part for package epstopdf
Package epstopdf-base Info: Redefining graphics rule for `.eps' on input line 4
85.

(c:/Users/Kevin/AppData/Roaming/TinyTeX/texmf-dist/tex/latex/latexconfig/epstop
df-sys.cfg
File: epstopdf-sys.cfg 2010/07/13 v1.3 Configuration of (r)epstopdf for TeX Liv
e
))
*geometry* driver: auto-detecting
*geometry* detected driver: pdftex
*geometry* verbose mode - [ preamble ] result:
* driver: pdftex
* paper: <default>
* layout: <same size as paper>
* layoutoffset:(h,v)=(0.0pt,0.0pt)
* modes: 
* h-part:(L,W,R)=(72.26999pt, 469.75502pt, 72.26999pt)
* v-part:(T,H,B)=(72.26999pt, 650.43001pt, 72.26999pt)
* \paperwidth=614.295pt
* \paperheight=794.96999pt
* \textwidth=469.75502pt
* \textheight=650.43001pt
* \oddsidemargin=0.0pt
* \evensidemargin=0.0pt
* \topmargin=-37.0pt
* \headheight=12.0pt
* \headsep=25.0pt
* \topskip=10.0pt
* \footskip=30.0pt
* \marginparwidth=65.0pt
* \marginparsep=11.0pt
* \columnsep=10.0pt
* \skip\footins=9.0pt plus 4.0pt minus 2.0pt
* \hoffset=0.0pt
* \voffset=0.0pt
* \mag=1000
* \@twocolumnfalse
* \@twosidefalse
* \@mparswitchfalse
* \@reversemarginfalse
* (1in=72.27pt=25.4mm, 1cm=28.453pt)

\AtBeginShipoutBox=\box49
Package hyperref Info: Link coloring OFF on input line 113.

(c:/Users/Kevin/AppData/Roaming/TinyTeX/texmf-dist/tex/latex/hyperref/nameref.s
ty
Package: nameref 2019/09/16 v2.46 Cross-referencing by name of section

(c:/Users/Kevin/AppData/Roaming/TinyTeX/texmf-dist/tex/latex/refcount/refcount.
sty
Package: refcount 2019/12/15 v3.6 Data extraction from label references (HO)
)
(c:/Users/Kevin/AppData/Roaming/TinyTeX/texmf-dist/tex/generic/gettitlestring/g
ettitlestring.sty
Package: gettitlestring 2019/12/15 v1.6 Cleanup title references (HO)
)
\c@section@level=\count271
)
LaTeX Info: Redefining \ref on input line 113.
LaTeX Info: Redefining \pageref on input line 113.
LaTeX Info: Redefining \nameref on input line 113.
\@outlinefile=\write4
\openout4 = `module1_3.out'.

LaTeX Font Info:    Trying to load font information for OT1+lmr on input line 1
15.
(c:/Users/Kevin/AppData/Roaming/TinyTeX/texmf-dist/tex/latex/lm/ot1lmr.fd
File: ot1lmr.fd 2009/10/30 v1.6 Font defs for Latin Modern
)
LaTeX Font Info:    Trying to load font information for OML+lmm on input line 1
15.
(c:/Users/Kevin/AppData/Roaming/TinyTeX/texmf-dist/tex/latex/lm/omllmm.fd
File: omllmm.fd 2009/10/30 v1.6 Font defs for Latin Modern
)
LaTeX Font Info:    Trying to load font information for OMS+lmsy on input line 
115.
(c:/Users/Kevin/AppData/Roaming/TinyTeX/texmf-dist/tex/latex/lm/omslmsy.fd
File: omslmsy.fd 2009/10/30 v1.6 Font defs for Latin Modern
)
LaTeX Font Info:    Trying to load font information for OMX+lmex on input line 
115.
(c:/Users/Kevin/AppData/Roaming/TinyTeX/texmf-dist/tex/latex/lm/omxlmex.fd
File: omxlmex.fd 2009/10/30 v1.6 Font defs for Latin Modern
)
LaTeX Font Info:    External font `lmex10' loaded for size
(Font)              <12> on input line 115.
LaTeX Font Info:    External font `lmex10' loaded for size
(Font)              <8> on input line 115.
LaTeX Font Info:    External font `lmex10' loaded for size
(Font)              <6> on input line 115.
LaTeX Font Info:    Trying to load font information for U+msa on input line 115
.
(c:/Users/Kevin/AppData/Roaming/TinyTeX/texmf-dist/tex/latex/amsfonts/umsa.fd
File: umsa.fd 2013/01/14 v3.01 AMS symbols A
)
LaTeX Font Info:    Trying to load font information for U+msb on input line 115
.
(c:/Users/Kevin/AppData/Roaming/TinyTeX/texmf-dist/tex/latex/amsfonts/umsb.fd
File: umsb.fd 2013/01/14 v3.01 AMS symbols B
)
LaTeX Font Info:    Trying to load font information for T1+lmtt on input line 1
49.
(c:/Users/Kevin/AppData/Roaming/TinyTeX/texmf-dist/tex/latex/lm/t1lmtt.fd
File: t1lmtt.fd 2009/10/30 v1.6 Font defs for Latin Modern
)
LaTeX Font Info:    Font shape `T1/lmtt/bx/n' in size <10> not available
(Font)              Font shape `T1/lmtt/b/n' tried instead on input line 149.
<module1_3_files/figure-latex/unnamed-chunk-7-1.pdf, id=6, 469.755pt x 325.215p
t>
File: module1_3_files/figure-latex/unnamed-chunk-7-1.pdf Graphic file (type pdf
)
<use module1_3_files/figure-latex/unnamed-chunk-7-1.pdf>
Package pdftex.def Info: module1_3_files/figure-latex/unnamed-chunk-7-1.pdf  us
ed on input line 181.
(pdftex.def)             Requested size: 469.75386pt x 325.2142pt.
[1

{c:/Users/Kevin/AppData/Roaming/TinyTeX/texmf-var/fonts/map/pdftex/updmap/pdfte
x.map}]
LaTeX Font Info:    Trying to load font information for TS1+lmtt on input line 
188.
(c:/Users/Kevin/AppData/Roaming/TinyTeX/texmf-dist/tex/latex/lm/ts1lmtt.fd
File: ts1lmtt.fd 2009/10/30 v1.6 Font defs for Latin Modern
) [2 <./module1_3_files/figure-latex/unnamed-chunk-7-1.pdf>]
<module1_3_files/figure-latex/unnamed-chunk-9-1.pdf, id=38, 469.755pt x 325.215
pt>
File: module1_3_files/figure-latex/unnamed-chunk-9-1.pdf Graphic file (type pdf
)
<use module1_3_files/figure-latex/unnamed-chunk-9-1.pdf>
Package pdftex.def Info: module1_3_files/figure-latex/unnamed-chunk-9-1.pdf  us
ed on input line 241.
(pdftex.def)             Requested size: 469.75386pt x 325.2142pt.
<module1_3_files/figure-latex/unnamed-chunk-9-2.pdf, id=39, 469.755pt x 325.215
pt>
File: module1_3_files/figure-latex/unnamed-chunk-9-2.pdf Graphic file (type pdf
)
<use module1_3_files/figure-latex/unnamed-chunk-9-2.pdf>
Package pdftex.def Info: module1_3_files/figure-latex/unnamed-chunk-9-2.pdf  us
ed on input line 251.
(pdftex.def)             Requested size: 469.75386pt x 325.2142pt.
[3 <./module1_3_files/figure-latex/unnamed-chunk-9-1.pdf>]
<module1_3_files/figure-latex/unnamed-chunk-9-3.pdf, id=50, 469.755pt x 325.215
pt>
File: module1_3_files/figure-latex/unnamed-chunk-9-3.pdf Graphic file (type pdf
)
<use module1_3_files/figure-latex/unnamed-chunk-9-3.pdf>
Package pdftex.def Info: module1_3_files/figure-latex/unnamed-chunk-9-3.pdf  us
ed on input line 262.
(pdftex.def)             Requested size: 469.75386pt x 325.2142pt.
[4 <./module1_3_files/figure-latex/unnamed-chunk-9-2.pdf>] [5 <./module1_3_file
s/figure-latex/unnamed-chunk-9-3.pdf>]
<module1_3_files/figure-latex/unnamed-chunk-11-1.pdf, id=76, 469.755pt x 325.21
5pt>
File: module1_3_files/figure-latex/unnamed-chunk-11-1.pdf Graphic file (type pd
f)
<use module1_3_files/figure-latex/unnamed-chunk-11-1.pdf>
Package pdftex.def Info: module1_3_files/figure-latex/unnamed-chunk-11-1.pdf  u
sed on input line 333.
(pdftex.def)             Requested size: 469.75386pt x 325.2142pt.
<points.png, id=77, 291.0875pt x 295.1025pt>
File: points.png Graphic file (type png)
<use points.png>
Package pdftex.def Info: points.png  used on input line 338.
(pdftex.def)             Requested size: 291.09122pt x 295.10626pt.
[6 <./module1_3_files/figure-latex/unnamed-chunk-11-1.pdf>]
<module1_3_files/figure-latex/unnamed-chunk-12-1.pdf, id=88, 469.755pt x 325.21
5pt>
File: module1_3_files/figure-latex/unnamed-chunk-12-1.pdf Graphic file (type pd
f)
<use module1_3_files/figure-latex/unnamed-chunk-12-1.pdf>
Package pdftex.def Info: module1_3_files/figure-latex/unnamed-chunk-12-1.pdf  u
sed on input line 372.
(pdftex.def)             Requested size: 469.75386pt x 325.2142pt.
[7 <./points.png>] [8 <./module1_3_files/figure-latex/unnamed-chunk-12-1.pdf>]
<module1_3_files/figure-latex/unnamed-chunk-13-1.pdf, id=109, 469.755pt x 325.2
15pt>
File: module1_3_files/figure-latex/unnamed-chunk-13-1.pdf Graphic file (type pd
f)
<use module1_3_files/figure-latex/unnamed-chunk-13-1.pdf>
Package pdftex.def Info: module1_3_files/figure-latex/unnamed-chunk-13-1.pdf  u
sed on input line 414.
(pdftex.def)             Requested size: 469.75386pt x 325.2142pt.
[9 <./module1_3_files/figure-latex/unnamed-chunk-13-1.pdf>]
<module1_3_files/figure-latex/unnamed-chunk-14-1.pdf, id=122, 469.755pt x 325.2
15pt>
File: module1_3_files/figure-latex/unnamed-chunk-14-1.pdf Graphic file (type pd
f)
<use module1_3_files/figure-latex/unnamed-chunk-14-1.pdf>
Package pdftex.def Info: module1_3_files/figure-latex/unnamed-chunk-14-1.pdf  u
sed on input line 448.
(pdftex.def)             Requested size: 469.75386pt x 325.2142pt.
<module1_3_files/figure-latex/unnamed-chunk-15-1.pdf, id=123, 469.755pt x 325.2
15pt>
File: module1_3_files/figure-latex/unnamed-chunk-15-1.pdf Graphic file (type pd
f)
<use module1_3_files/figure-latex/unnamed-chunk-15-1.pdf>
Package pdftex.def Info: module1_3_files/figure-latex/unnamed-chunk-15-1.pdf  u
sed on input line 470.
(pdftex.def)             Requested size: 469.75386pt x 325.2142pt.
[10 <./module1_3_files/figure-latex/unnamed-chunk-14-1.pdf>] [11 <./module1_3_f
iles/figure-latex/unnamed-chunk-15-1.pdf>]
<module1_3_files/figure-latex/unnamed-chunk-16-1.pdf, id=143, 469.755pt x 325.2
15pt>
File: module1_3_files/figure-latex/unnamed-chunk-16-1.pdf Graphic file (type pd
f)
<use module1_3_files/figure-latex/unnamed-chunk-16-1.pdf>
Package pdftex.def Info: module1_3_files/figure-latex/unnamed-chunk-16-1.pdf  u
sed on input line 510.
(pdftex.def)             Requested size: 469.75386pt x 325.2142pt.
[12 <./module1_3_files/figure-latex/unnamed-chunk-16-1.pdf>]
<module1_3_files/figure-latex/unnamed-chunk-18-1.pdf, id=163, 469.755pt x 325.2
15pt>
File: module1_3_files/figure-latex/unnamed-chunk-18-1.pdf Graphic file (type pd
f)
<use module1_3_files/figure-latex/unnamed-chunk-18-1.pdf>
Package pdftex.def Info: module1_3_files/figure-latex/unnamed-chunk-18-1.pdf  u
sed on input line 569.
(pdftex.def)             Requested size: 469.75386pt x 325.2142pt.
<module1_3_files/figure-latex/unnamed-chunk-19-1.pdf, id=164, 469.755pt x 325.2
15pt>
File: module1_3_files/figure-latex/unnamed-chunk-19-1.pdf Graphic file (type pd
f)
<use module1_3_files/figure-latex/unnamed-chunk-19-1.pdf>
Package pdftex.def Info: module1_3_files/figure-latex/unnamed-chunk-19-1.pdf  u
sed on input line 583.
(pdftex.def)             Requested size: 469.75386pt x 325.2142pt.
[13 <./module1_3_files/figure-latex/unnamed-chunk-18-1.pdf>] [14 <./module1_3_f
iles/figure-latex/unnamed-chunk-19-1.pdf>]
<module1_3_files/figure-latex/unnamed-chunk-24-1.pdf, id=194, 469.755pt x 325.2
15pt>
File: module1_3_files/figure-latex/unnamed-chunk-24-1.pdf Graphic file (type pd
f)
<use module1_3_files/figure-latex/unnamed-chunk-24-1.pdf>
Package pdftex.def Info: module1_3_files/figure-latex/unnamed-chunk-24-1.pdf  u
sed on input line 654.
(pdftex.def)             Requested size: 469.75386pt x 325.2142pt.
[15 <./module1_3_files/figure-latex/unnamed-chunk-24-1.pdf>]
<module1_3_files/figure-latex/unnamed-chunk-25-1.pdf, id=205, 469.755pt x 325.2
15pt>
File: module1_3_files/figure-latex/unnamed-chunk-25-1.pdf Graphic file (type pd
f)
<use module1_3_files/figure-latex/unnamed-chunk-25-1.pdf>
Package pdftex.def Info: module1_3_files/figure-latex/unnamed-chunk-25-1.pdf  u
sed on input line 668.
(pdftex.def)             Requested size: 469.75386pt x 325.2142pt.
<module1_3_files/figure-latex/unnamed-chunk-26-1.pdf, id=206, 469.755pt x 325.2
15pt>
File: module1_3_files/figure-latex/unnamed-chunk-26-1.pdf Graphic file (type pd
f)
<use module1_3_files/figure-latex/unnamed-chunk-26-1.pdf>
Package pdftex.def Info: module1_3_files/figure-latex/unnamed-chunk-26-1.pdf  u
sed on input line 683.
(pdftex.def)             Requested size: 469.75386pt x 325.2142pt.
[16 <./module1_3_files/figure-latex/unnamed-chunk-25-1.pdf>]
<module1_3_files/figure-latex/unnamed-chunk-27-1.pdf, id=216, 469.755pt x 325.2
15pt>
File: module1_3_files/figure-latex/unnamed-chunk-27-1.pdf Graphic file (type pd
f)
<use module1_3_files/figure-latex/unnamed-chunk-27-1.pdf>
Package pdftex.def Info: module1_3_files/figure-latex/unnamed-chunk-27-1.pdf  u
sed on input line 699.
(pdftex.def)             Requested size: 469.75386pt x 325.2142pt.
[17 <./module1_3_files/figure-latex/unnamed-chunk-26-1.pdf>]
<module1_3_files/figure-latex/unnamed-chunk-28-1.pdf, id=226, 469.755pt x 325.2
15pt>
File: module1_3_files/figure-latex/unnamed-chunk-28-1.pdf Graphic file (type pd
f)
<use module1_3_files/figure-latex/unnamed-chunk-28-1.pdf>
Package pdftex.def Info: module1_3_files/figure-latex/unnamed-chunk-28-1.pdf  u
sed on input line 718.
(pdftex.def)             Requested size: 469.75386pt x 325.2142pt.
[18 <./module1_3_files/figure-latex/unnamed-chunk-27-1.pdf>]
LaTeX Font Info:    Trying to load font information for TS1+lmr on input line 7
35.
(c:/Users/Kevin/AppData/Roaming/TinyTeX/texmf-dist/tex/latex/lm/ts1lmr.fd
File: ts1lmr.fd 2009/10/30 v1.6 Font defs for Latin Modern
)
<tidy-1.png, id=236, 1927.2pt x 602.25pt>
File: tidy-1.png Graphic file (type png)
<use tidy-1.png>
Package pdftex.def Info: tidy-1.png  used on input line 744.
(pdftex.def)             Requested size: 469.7421pt x 146.79439pt.
[19 <./module1_3_files/figure-latex/unnamed-chunk-28-1.pdf> <./tidy-1.png>]
<tidy-9.png, id=252, 1927.2pt x 602.25pt>
File: tidy-9.png Graphic file (type png)
<use tidy-9.png>
Package pdftex.def Info: tidy-9.png  used on input line 752.
(pdftex.def)             Requested size: 469.7421pt x 146.79439pt.
<tidy-8.png, id=253, 1927.2pt x 901.3675pt>
File: tidy-8.png Graphic file (type png)
<use tidy-8.png>
Package pdftex.def Info: tidy-8.png  used on input line 757.
(pdftex.def)             Requested size: 469.7421pt x 219.70227pt.
[20 <./tidy-9.png> <./tidy-8.png>]
<module1_3_files/figure-latex/unnamed-chunk-30-1.pdf, id=263, 469.755pt x 325.2
15pt>
File: module1_3_files/figure-latex/unnamed-chunk-30-1.pdf Graphic file (type pd
f)
<use module1_3_files/figure-latex/unnamed-chunk-30-1.pdf>
Package pdftex.def Info: module1_3_files/figure-latex/unnamed-chunk-30-1.pdf  u
sed on input line 790.
(pdftex.def)             Requested size: 469.75386pt x 325.2142pt.
<module1_3_files/figure-latex/unnamed-chunk-31-1.pdf, id=264, 469.755pt x 325.2
15pt>
File: module1_3_files/figure-latex/unnamed-chunk-31-1.pdf Graphic file (type pd
f)
<use module1_3_files/figure-latex/unnamed-chunk-31-1.pdf>
Package pdftex.def Info: module1_3_files/figure-latex/unnamed-chunk-31-1.pdf  u
sed on input line 805.
(pdftex.def)             Requested size: 469.75386pt x 325.2142pt.
[21 <./module1_3_files/figure-latex/unnamed-chunk-30-1.pdf>]
<module1_3_files/figure-latex/unnamed-chunk-32-1.pdf, id=274, 578.16pt x 289.08
pt>
File: module1_3_files/figure-latex/unnamed-chunk-32-1.pdf Graphic file (type pd
f)
<use module1_3_files/figure-latex/unnamed-chunk-32-1.pdf>
Package pdftex.def Info: module1_3_files/figure-latex/unnamed-chunk-32-1.pdf  u
sed on input line 847.
(pdftex.def)             Requested size: 469.75385pt x 234.8769pt.
[22 <./module1_3_files/figure-latex/unnamed-chunk-31-1.pdf>]
Overfull \vbox (1.5651pt too high) detected at line 903
 []

[23 <./module1_3_files/figure-latex/unnamed-chunk-32-1.pdf>]
<module1_3_files/figure-latex/unnamed-chunk-33-1.pdf, id=300, 433.62pt x 578.16
pt>
File: module1_3_files/figure-latex/unnamed-chunk-33-1.pdf Graphic file (type pd
f)
<use module1_3_files/figure-latex/unnamed-chunk-33-1.pdf>
Package pdftex.def Info: module1_3_files/figure-latex/unnamed-chunk-33-1.pdf  u
sed on input line 905.
(pdftex.def)             Requested size: 433.63878pt x 578.18504pt.
[24 <./module1_3_files/figure-latex/unnamed-chunk-33-1.pdf>]
<module1_3_files/figure-latex/unnamed-chunk-34-1.pdf, id=310, 469.755pt x 325.2
15pt>
File: module1_3_files/figure-latex/unnamed-chunk-34-1.pdf Graphic file (type pd
f)
<use module1_3_files/figure-latex/unnamed-chunk-34-1.pdf>
Package pdftex.def Info: module1_3_files/figure-latex/unnamed-chunk-34-1.pdf  u
sed on input line 925.
(pdftex.def)             Requested size: 469.75386pt x 325.2142pt.
! TeX capacity exceeded, sorry [input stack size=5000].
\font@name ->
             \T1/lmtt/bx/n/10 
l.930 ...at.columbia.edu/~tzheng/files/Rcolor.pdf}
                                                  {names 
Here is how much of TeX's memory you used:
 11125 strings out of 482816
 165656 string characters out of 5953847
 784121 words of memory out of 5000000
 26239 multiletter control sequences out of 15000+600000
 569304 words of font info for 58 fonts, out of 8000000 for 9000
 14 hyphenation exceptions out of 8191
 5000i,6n,9991p,428b,459s stack positions out of 5000i,500n,10000p,200000b,80000s

!  ==> Fatal error occurred, no output PDF file produced!
